0 info it worked if it ends with ok
1 verbose cli [ 'C:\\Program Files\\nodejs\\node.exe',
1 verbose cli   'C:\\Program Files\\nodejs\\node_modules\\npm\\bin\\npm-cli.js',
1 verbose cli   'publish' ]
2 info using npm@3.10.10
3 info using node@v6.10.1
4 verbose publish [ '.' ]
5 silly cache add args [ '.', null ]
6 verbose cache add spec .
7 silly cache add parsed spec Result {
7 silly cache add   raw: '.',
7 silly cache add   scope: null,
7 silly cache add   escapedName: null,
7 silly cache add   name: null,
7 silly cache add   rawSpec: '.',
7 silly cache add   spec: 'C:\\NodeJsTraining\\custom_modules',
7 silly cache add   type: 'directory' }
8 verbose addLocalDirectory C:\Users\admin\AppData\Roaming\npm-cache\custom_modules\1.0.0\package.tgz not in flight; packing
9 verbose correctMkdir C:\Users\admin\AppData\Roaming\npm-cache correctMkdir not in flight; initializing
10 info lifecycle custom_modules@1.0.0~prepublish: custom_modules@1.0.0
11 silly lifecycle custom_modules@1.0.0~prepublish: no script for prepublish, continuing
12 verbose tar pack [ 'C:\\Users\\admin\\AppData\\Roaming\\npm-cache\\custom_modules\\1.0.0\\package.tgz',
12 verbose tar pack   'C:\\NodeJsTraining\\custom_modules' ]
13 verbose tarball C:\Users\admin\AppData\Roaming\npm-cache\custom_modules\1.0.0\package.tgz
14 verbose folder C:\NodeJsTraining\custom_modules
15 verbose addLocalTarball adding from inside cache C:\Users\admin\AppData\Roaming\npm-cache\custom_modules\1.0.0\package.tgz
16 verbose correctMkdir C:\Users\admin\AppData\Roaming\npm-cache correctMkdir not in flight; initializing
17 silly cache afterAdd custom_modules@1.0.0
18 verbose afterAdd C:\Users\admin\AppData\Roaming\npm-cache\custom_modules\1.0.0\package\package.json not in flight; writing
19 verbose correctMkdir C:\Users\admin\AppData\Roaming\npm-cache correctMkdir not in flight; initializing
20 verbose afterAdd C:\Users\admin\AppData\Roaming\npm-cache\custom_modules\1.0.0\package\package.json written
21 silly publish { name: 'custom_modules',
21 silly publish   version: '1.0.0',
21 silly publish   description: '',
21 silly publish   main: 'mymodule.js',
21 silly publish   scripts: { test: 'echo "Error: no test specified" && exit 1' },
21 silly publish   keywords: [],
21 silly publish   author: '',
21 silly publish   license: 'ISC',
21 silly publish   readme: 'ERROR: No README data found!',
21 silly publish   _id: 'custom_modules@1.0.0',
21 silly publish   _shasum: 'ccd0dac555a69ba692efde7b721467f3005a2e5b',
21 silly publish   _from: '.' }
22 verbose getPublishConfig undefined
23 silly mapToRegistry name custom_modules
24 silly mapToRegistry using default registry
25 silly mapToRegistry registry https://registry.npmjs.org/
26 silly mapToRegistry data Result {
26 silly mapToRegistry   raw: 'custom_modules',
26 silly mapToRegistry   scope: null,
26 silly mapToRegistry   escapedName: 'custom_modules',
26 silly mapToRegistry   name: 'custom_modules',
26 silly mapToRegistry   rawSpec: '',
26 silly mapToRegistry   spec: 'latest',
26 silly mapToRegistry   type: 'tag' }
27 silly mapToRegistry uri https://registry.npmjs.org/custom_modules
28 verbose publish registryBase https://registry.npmjs.org/
29 silly publish uploading C:\Users\admin\AppData\Roaming\npm-cache\custom_modules\1.0.0\package.tgz
30 verbose request uri https://registry.npmjs.org/custom_modules
31 verbose request sending authorization for write operation
32 info attempt registry request try #1 at 2:09:45 PM
33 verbose request using bearer token for auth
34 verbose request id 3b951627d3805157
35 http request PUT https://registry.npmjs.org/custom_modules
36 http 403 https://registry.npmjs.org/custom_modules
37 verbose headers { 'content-type': 'application/json',
37 verbose headers   'cache-control': 'max-age=300',
37 verbose headers   'content-length': '108',
37 verbose headers   'accept-ranges': 'bytes',
37 verbose headers   date: 'Mon, 03 Apr 2017 08:39:45 GMT',
37 verbose headers   via: '1.1 varnish',
37 verbose headers   connection: 'keep-alive',
37 verbose headers   'x-served-by': 'cache-lcy1140-LCY',
37 verbose headers   'x-cache': 'MISS',
37 verbose headers   'x-cache-hits': '0',
37 verbose headers   'x-timer': 'S1491208785.196063,VS0,VE559',
37 verbose headers   vary: 'Accept-Encoding' }
38 verbose request invalidating C:\Users\admin\AppData\Roaming\npm-cache\registry.npmjs.org\custom_modules on PUT
39 error publish Failed PUT 403
40 verbose stack Error: you do not have permission to publish "custom_modules". Are you logged in as the correct user? : custom_modules
40 verbose stack     at makeError (C:\Program Files\nodejs\node_modules\npm\node_modules\npm-registry-client\lib\request.js:302:12)
40 verbose stack     at CachingRegistryClient.<anonymous> (C:\Program Files\nodejs\node_modules\npm\node_modules\npm-registry-client\lib\request.js:290:14)
40 verbose stack     at Request._callback (C:\Program Files\nodejs\node_modules\npm\node_modules\npm-registry-client\lib\request.js:210:14)
40 verbose stack     at Request.self.callback (C:\Program Files\nodejs\node_modules\npm\node_modules\request\request.js:187:22)
40 verbose stack     at emitTwo (events.js:106:13)
40 verbose stack     at Request.emit (events.js:191:7)
40 verbose stack     at Request.<anonymous> (C:\Program Files\nodejs\node_modules\npm\node_modules\request\request.js:1048:10)
40 verbose stack     at emitOne (events.js:96:13)
40 verbose stack     at Request.emit (events.js:188:7)
40 verbose stack     at IncomingMessage.<anonymous> (C:\Program Files\nodejs\node_modules\npm\node_modules\request\request.js:969:12)
41 verbose statusCode 403
42 verbose pkgid custom_modules
43 verbose cwd C:\NodeJsTraining\custom_modules
44 error Windows_NT 6.1.7601
45 error argv "C:\\Program Files\\nodejs\\node.exe" "C:\\Program Files\\nodejs\\node_modules\\npm\\bin\\npm-cli.js" "publish"
46 error node v6.10.1
47 error npm  v3.10.10
48 error code E403
49 error you do not have permission to publish "custom_modules". Are you logged in as the correct user? : custom_modules
50 error If you need help, you may report this error at:
50 error     <https://github.com/npm/npm/issues>
51 verbose exit [ 1, true ]
